::1 - - [16/Mar/2021:09:32:47 +0000] "POST /login HTTP/1.1" 404 145 "-" "PostmanRuntime/7.26.8"
::1 - - [16/Mar/2021:09:33:34 +0000] "POST /login HTTP/1.1" 500 1575 "-" "PostmanRuntime/7.26.8"
::1 - - [16/Mar/2021:09:33:40 +0000] "GET /login HTTP/1.1" 500 1575 "-" "PostmanRuntime/7.26.8"
::1 - - [16/Mar/2021:09:34:02 +0000] "GET /login HTTP/1.1" 200 - "-" "PostmanRuntime/7.26.8"
::1 - - [16/Mar/2021:09:34:03 +0000] "GET /login HTTP/1.1" 200 - "-" "PostmanRuntime/7.26.8"
::1 - - [16/Mar/2021:09:36:01 +0000] "POST /home HTTP/1.1" 200 - "-" "PostmanRuntime/7.26.8"
::1 - - [16/Mar/2021:09:36:22 +0000] "GET /home HTTP/1.1" 200 - "-" "Mozilla/5.0 (Windows NT 10.0; Win64; x64) AppleWebKit/537.36 (KHTML, like Gecko) Chrome/88.0.4324.150 Safari/537.36"
::1 - - [16/Mar/2021:09:36:23 +0000] "GET /favicon.ico HTTP/1.1" 200 - "http://localhost:8000/home" "Mozilla/5.0 (Windows NT 10.0; Win64; x64) AppleWebKit/537.36 (KHTML, like Gecko) Chrome/88.0.4324.150 Safari/537.36"
::1 - - [19/Mar/2021:01:25:47 +0000] "POST /news/15 HTTP/1.1" 404 147 "-" "PostmanRuntime/7.26.10"
::1 - - [19/Mar/2021:01:25:50 +0000] "GET /news/15 HTTP/1.1" 200 33 "-" "PostmanRuntime/7.26.10"
::1 - - [19/Mar/2021:01:26:23 +0000] "PATCH /news/15 HTTP/1.1" 200 - "-" "PostmanRuntime/7.26.10"
::1 - - [19/Mar/2021:01:26:33 +0000] "GET /news/15?a=12 HTTP/1.1" 200 41 "-" "PostmanRuntime/7.26.10"
::1 - - [19/Mar/2021:01:28:04 +0000] "GET /news/formdata HTTP/1.1" 200 39 "-" "PostmanRuntime/7.26.10"
::1 - - [19/Mar/2021:01:28:16 +0000] "POST /news/formdata HTTP/1.1" 200 18 "-" "PostmanRuntime/7.26.10"
::1 - - [19/Mar/2021:01:28:35 +0000] "POST /news/formdata HTTP/1.1" 200 12 "-" "PostmanRuntime/7.26.10"
::1 - - [19/Mar/2021:01:28:55 +0000] "POST /news/upload HTTP/1.1" 201 - "-" "PostmanRuntime/7.26.10"
::1 - - [19/Mar/2021:01:30:09 +0000] "POST /news/upload HTTP/1.1" 201 - "-" "PostmanRuntime/7.26.10"
::1 - - [19/Mar/2021:01:30:49 +0000] "POST /news/upload HTTP/1.1" 201 - "-" "PostmanRuntime/7.26.10"
::1 - - [19/Mar/2021:01:31:26 +0000] "POST /news/upload HTTP/1.1" 201 - "-" "PostmanRuntime/7.26.10"
::1 - - [19/Mar/2021:01:32:17 +0000] "POST /news/upload HTTP/1.1" 201 - "-" "PostmanRuntime/7.26.10"
::1 - - [19/Mar/2021:01:32:41 +0000] "POST /news/upload HTTP/1.1" 201 - "-" "PostmanRuntime/7.26.10"
